Determining if the pthread_create exist failed with the following output:
Change Dir: /media/henry_pan/Data/slam_research_club/project/src/hello_cv_6_add_catkin/build/hello_cv_2_add_static_lib/CMakeFiles/CMakeTmp

Run Build Command:"/usr/bin/make" "cmTC_9684c/fast"
/usr/bin/make -f CMakeFiles/cmTC_9684c.dir/build.make CMakeFiles/cmTC_9684c.dir/build
make[1]: Entering directory '/media/henry_pan/Data/slam_research_club/project/src/hello_cv_6_add_catkin/build/hello_cv_2_add_static_lib/CMakeFiles/CMakeTmp'
Building C object CMakeFiles/cmTC_9684c.dir/CheckSymbolExists.c.o
/usr/bin/cc     -o CMakeFiles/cmTC_9684c.dir/CheckSymbolExists.c.o   -c /media/henry_pan/Data/slam_research_club/project/src/hello_cv_6_add_catkin/build/hello_cv_2_add_static_lib/CMakeFiles/CMakeTmp/CheckSymbolExists.c
Linking C executable cmTC_9684c
/usr/bin/cmake -E cmake_link_script CMakeFiles/cmTC_9684c.dir/link.txt --verbose=1
/usr/bin/cc       CMakeFiles/cmTC_9684c.dir/CheckSymbolExists.c.o  -o cmTC_9684c -rdynamic 
CMakeFiles/cmTC_9684c.dir/CheckSymbolExists.c.o: In function `main':
CheckSymbolExists.c:(.text+0x16): undefined reference to `pthread_create'
collect2: error: ld returned 1 exit status
CMakeFiles/cmTC_9684c.dir/build.make:97: recipe for target 'cmTC_9684c' failed
make[1]: *** [cmTC_9684c] Error 1
make[1]: Leaving directory '/media/henry_pan/Data/slam_research_club/project/src/hello_cv_6_add_catkin/build/hello_cv_2_add_static_lib/CMakeFiles/CMakeTmp'
Makefile:126: recipe for target 'cmTC_9684c/fast' failed
make: *** [cmTC_9684c/fast] Error 2

File /media/henry_pan/Data/slam_research_club/project/src/hello_cv_6_add_catkin/build/hello_cv_2_add_static_lib/CMakeFiles/CMakeTmp/CheckSymbolExists.c:
/* */
#include <pthread.h>

int main(int argc, char** argv)
{
  (void)argv;
#ifndef pthread_create
  return ((int*)(&pthread_create))[argc];
#else
  (void)argc;
  return 0;
#endif
}

Determining if the function pthread_create exists in the pthreads failed with the following output:
Change Dir: /media/henry_pan/Data/slam_research_club/project/src/hello_cv_6_add_catkin/build/hello_cv_2_add_static_lib/CMakeFiles/CMakeTmp

Run Build Command:"/usr/bin/make" "cmTC_c90c2/fast"
/usr/bin/make -f CMakeFiles/cmTC_c90c2.dir/build.make CMakeFiles/cmTC_c90c2.dir/build
make[1]: Entering directory '/media/henry_pan/Data/slam_research_club/project/src/hello_cv_6_add_catkin/build/hello_cv_2_add_static_lib/CMakeFiles/CMakeTmp'
Building C object CMakeFiles/cmTC_c90c2.dir/CheckFunctionExists.c.o
/usr/bin/cc    -DCHECK_FUNCTION_EXISTS=pthread_create   -o CMakeFiles/cmTC_c90c2.dir/CheckFunctionExists.c.o   -c /usr/share/cmake-3.5/Modules/CheckFunctionExists.c
Linking C executable cmTC_c90c2
/usr/bin/cmake -E cmake_link_script CMakeFiles/cmTC_c90c2.dir/link.txt --verbose=1
/usr/bin/cc   -DCHECK_FUNCTION_EXISTS=pthread_create    CMakeFiles/cmTC_c90c2.dir/CheckFunctionExists.c.o  -o cmTC_c90c2 -rdynamic -lpthreads 
/usr/bin/ld: cannot find -lpthreads
collect2: error: ld returned 1 exit status
CMakeFiles/cmTC_c90c2.dir/build.make:97: recipe for target 'cmTC_c90c2' failed
make[1]: *** [cmTC_c90c2] Error 1
make[1]: Leaving directory '/media/henry_pan/Data/slam_research_club/project/src/hello_cv_6_add_catkin/build/hello_cv_2_add_static_lib/CMakeFiles/CMakeTmp'
Makefile:126: recipe for target 'cmTC_c90c2/fast' failed
make: *** [cmTC_c90c2/fast] Error 2


