Symlinking /media/henry_pan/Data/slam_research_club/project/src/hello_cv_6_add_catkin/devel/./cmake.lock
Symlinking /media/henry_pan/Data/slam_research_club/project/src/hello_cv_6_add_catkin/devel/./env.sh
Symlinking /media/henry_pan/Data/slam_research_club/project/src/hello_cv_6_add_catkin/devel/./local_setup.bash
Symlinking /media/henry_pan/Data/slam_research_club/project/src/hello_cv_6_add_catkin/devel/./local_setup.sh
Symlinking /media/henry_pan/Data/slam_research_club/project/src/hello_cv_6_add_catkin/devel/./local_setup.zsh
Symlinking /media/henry_pan/Data/slam_research_club/project/src/hello_cv_6_add_catkin/devel/./setup.bash
Symlinking /media/henry_pan/Data/slam_research_club/project/src/hello_cv_6_add_catkin/devel/./setup.sh
Symlinking /media/henry_pan/Data/slam_research_club/project/src/hello_cv_6_add_catkin/devel/./setup.zsh
Symlinking /media/henry_pan/Data/slam_research_club/project/src/hello_cv_6_add_catkin/devel/./_setup_util.py
Symlinking /media/henry_pan/Data/slam_research_club/project/src/hello_cv_6_add_catkin/devel/lib/pkgconfig/catkin_tools_prebuild.pc
Symlinking /media/henry_pan/Data/slam_research_club/project/src/hello_cv_6_add_catkin/devel/share/catkin_tools_prebuild/cmake/catkin_tools_prebuildConfig-version.cmake
Symlinking /media/henry_pan/Data/slam_research_club/project/src/hello_cv_6_add_catkin/devel/share/catkin_tools_prebuild/cmake/catkin_tools_prebuildConfig.cmake
Cleaning: (/home/henry_pan/ws_psl/slam_research_club/project/src/hello_cv_6_add_catkin/devel/.private/catkin_tools_prebuild/_setup_util.py, /home/henry_pan/ws_psl/slam_research_club/project/src/hello_cv_6_add_catkin/devel/./_setup_util.py)
Cleaning: (/home/henry_pan/ws_psl/slam_research_club/project/src/hello_cv_6_add_catkin/devel/.private/catkin_tools_prebuild/setup.sh, /home/henry_pan/ws_psl/slam_research_club/project/src/hello_cv_6_add_catkin/devel/./setup.sh)
Cleaning: (/home/henry_pan/ws_psl/slam_research_club/project/src/hello_cv_6_add_catkin/devel/.private/catkin_tools_prebuild/local_setup.sh, /home/henry_pan/ws_psl/slam_research_club/project/src/hello_cv_6_add_catkin/devel/./local_setup.sh)
Cleaning: (/home/henry_pan/ws_psl/slam_research_club/project/src/hello_cv_6_add_catkin/devel/.private/catkin_tools_prebuild/cmake.lock, /home/henry_pan/ws_psl/slam_research_club/project/src/hello_cv_6_add_catkin/devel/./cmake.lock)
Cleaning: (/home/henry_pan/ws_psl/slam_research_club/project/src/hello_cv_6_add_catkin/devel/.private/catkin_tools_prebuild/env.sh, /home/henry_pan/ws_psl/slam_research_club/project/src/hello_cv_6_add_catkin/devel/./env.sh)
Cleaning: (/home/henry_pan/ws_psl/slam_research_club/project/src/hello_cv_6_add_catkin/devel/.private/catkin_tools_prebuild/setup.bash, /home/henry_pan/ws_psl/slam_research_club/project/src/hello_cv_6_add_catkin/devel/./setup.bash)
Cleaning: (/home/henry_pan/ws_psl/slam_research_club/project/src/hello_cv_6_add_catkin/devel/.private/catkin_tools_prebuild/local_setup.zsh, /home/henry_pan/ws_psl/slam_research_club/project/src/hello_cv_6_add_catkin/devel/./local_setup.zsh)
Cleaning: (/home/henry_pan/ws_psl/slam_research_club/project/src/hello_cv_6_add_catkin/devel/.private/catkin_tools_prebuild/local_setup.bash, /home/henry_pan/ws_psl/slam_research_club/project/src/hello_cv_6_add_catkin/devel/./local_setup.bash)
Cleaning: (/home/henry_pan/ws_psl/slam_research_club/project/src/hello_cv_6_add_catkin/devel/.private/catkin_tools_prebuild/setup.zsh, /home/henry_pan/ws_psl/slam_research_club/project/src/hello_cv_6_add_catkin/devel/./setup.zsh)
Cleaning: (/home/henry_pan/ws_psl/slam_research_club/project/src/hello_cv_6_add_catkin/devel/.private/catkin_tools_prebuild/share/catkin_tools_prebuild/cmake/catkin_tools_prebuildConfig-version.cmake, /home/henry_pan/ws_psl/slam_research_club/project/src/hello_cv_6_add_catkin/devel/share/catkin_tools_prebuild/cmake/catkin_tools_prebuildConfig-version.cmake)
Cleaning: (/home/henry_pan/ws_psl/slam_research_club/project/src/hello_cv_6_add_catkin/devel/.private/catkin_tools_prebuild/share/catkin_tools_prebuild/cmake/catkin_tools_prebuildConfig.cmake, /home/henry_pan/ws_psl/slam_research_club/project/src/hello_cv_6_add_catkin/devel/share/catkin_tools_prebuild/cmake/catkin_tools_prebuildConfig.cmake)
Cleaning: (/home/henry_pan/ws_psl/slam_research_club/project/src/hello_cv_6_add_catkin/devel/.private/catkin_tools_prebuild/lib/pkgconfig/catkin_tools_prebuild.pc, /home/henry_pan/ws_psl/slam_research_club/project/src/hello_cv_6_add_catkin/devel/lib/pkgconfig/catkin_tools_prebuild.pc)
Unlinking: /home/henry_pan/ws_psl/slam_research_club/project/src/hello_cv_6_add_catkin/devel/./_setup_util.py
Unlinking: /home/henry_pan/ws_psl/slam_research_club/project/src/hello_cv_6_add_catkin/devel/./setup.sh
Unlinking: /home/henry_pan/ws_psl/slam_research_club/project/src/hello_cv_6_add_catkin/devel/./local_setup.sh
Unlinking: /home/henry_pan/ws_psl/slam_research_club/project/src/hello_cv_6_add_catkin/devel/./env.sh
Unlinking: /home/henry_pan/ws_psl/slam_research_club/project/src/hello_cv_6_add_catkin/devel/./setup.bash
Unlinking: /home/henry_pan/ws_psl/slam_research_club/project/src/hello_cv_6_add_catkin/devel/./local_setup.zsh
Unlinking: /home/henry_pan/ws_psl/slam_research_club/project/src/hello_cv_6_add_catkin/devel/./local_setup.bash
Unlinking: /home/henry_pan/ws_psl/slam_research_club/project/src/hello_cv_6_add_catkin/devel/./setup.zsh
Unlinking: /home/henry_pan/ws_psl/slam_research_club/project/src/hello_cv_6_add_catkin/devel/share/catkin_tools_prebuild/cmake/catkin_tools_prebuildConfig-version.cmake
Unlinking: /home/henry_pan/ws_psl/slam_research_club/project/src/hello_cv_6_add_catkin/devel/share/catkin_tools_prebuild/cmake/catkin_tools_prebuildConfig.cmake
Unlinking: /home/henry_pan/ws_psl/slam_research_club/project/src/hello_cv_6_add_catkin/devel/lib/pkgconfig/catkin_tools_prebuild.pc
